<?xml version="1.0" encoding="UTF-8"?>
<testsuite xmlns:xsi="http://www.w3.org/2001/XMLSchema-instance" xsi:noNamespaceSchemaLocation="https://maven.apache.org/surefire/maven-surefire-plugin/xsd/surefire-test-report-3.0.xsd" version="3.0" name="org.example.NumberUtilsTest" time="0.024" tests="19" errors="0" skipped="0" failures="0">
  <properties>
[...]
</properties>
  <testcase name="rightGreater" classname="org.example.NumberUtilsTest" time="0.007">
    <system-err><![CDATA[Feb 17, 2025 7:03:06 PM org.junit.jupiter.engine.descriptor.JupiterTestDescriptor lambda$getTags$1
WARNING: Configuration error: invalid tag syntax in @Tag("right: Above 9") declaration on [void org.example.NumberUtilsTest.rightGreater()]. Tag will be ignored.
Feb 17, 2025 7:03:06 PM org.junit.jupiter.engine.descriptor.JupiterTestDescriptor lambda$getTags$1
WARNING: Configuration error: invalid tag syntax in @Tag("right: Null") declaration on [void org.example.NumberUtilsTest.rightNull()]. Tag will be ignored.
Feb 17, 2025 7:03:06 PM org.junit.jupiter.engine.descriptor.JupiterTestDescriptor lambda$getTags$1
WARNING: Configuration error: invalid tag syntax in @Tag("right: Empty") declaration on [void org.example.NumberUtilsTest.rightEmpty()]. Tag will be ignored.
Feb 17, 2025 7:03:06 PM org.junit.jupiter.engine.descriptor.JupiterTestDescriptor lambda$getTags$1
WARNING: Configuration error: invalid tag syntax in @Tag("left: Negative Integer") declaration on [void org.example.NumberUtilsTest.leftNegative()]. Tag will be ignored.
Feb 17, 2025 7:03:06 PM org.junit.jupiter.engine.descriptor.JupiterTestDescriptor lambda$getTags$1
WARNING: Configuration error: invalid tag syntax in @Tag("left: Above 9") declaration on [void org.example.NumberUtilsTest.leftGreater()]. Tag will be ignored.
Feb 17, 2025 7:03:06 PM org.junit.jupiter.engine.descriptor.JupiterTestDescriptor lambda$getTags$1
WARNING: Configuration error: invalid tag syntax in @Tag("output: Length > Greater Left | Right Length") declaration on [void org.example.NumberUtilsTest.outputGreaterLength()]. Tag will be ignored.
Feb 17, 2025 7:03:06 PM org.junit.jupiter.engine.descriptor.JupiterTestDescriptor lambda$getTags$1
WARNING: Configuration error: invalid tag syntax in @Tag("left: empty, right: empty, output: [0]") declaration on [void org.example.NumberUtilsTest.emptyLeftRight()]. Tag will be ignored.
Feb 17, 2025 7:03:06 PM org.junit.jupiter.engine.descriptor.JupiterTestDescriptor lambda$getTags$1
WARNING: Configuration error: invalid tag syntax in @Tag("right: Negative Integer") declaration on [void org.example.NumberUtilsTest.rightNegative()]. Tag will be ignored.
Feb 17, 2025 7:03:06 PM org.junit.jupiter.engine.descriptor.JupiterTestDescriptor lambda$getTags$1
WARNING: Configuration error: invalid tag syntax in @Tag("output: Length = Greater Length of Left | Right") declaration on [void org.example.NumberUtilsTest.outputEqualLength()]. Tag will be ignored.
Feb 17, 2025 7:03:06 PM org.junit.jupiter.engine.descriptor.JupiterTestDescriptor lambda$getTags$1
WARNING: Configuration error: invalid tag syntax in @Tag("increase mutation coverage") declaration on [void org.example.NumberUtilsTest.outputMultipleDigits1()]. Tag will be ignored.
Feb 17, 2025 7:03:06 PM org.junit.jupiter.engine.descriptor.JupiterTestDescriptor lambda$getTags$1
WARNING: Configuration error: invalid tag syntax in @Tag("output: Single digit") declaration on [void org.example.NumberUtilsTest.outputSingleDigits()]. Tag will be ignored.
Feb 17, 2025 7:03:06 PM org.junit.jupiter.engine.descriptor.JupiterTestDescriptor lambda$getTags$1
WARNING: Configuration error: invalid tag syntax in @Tag("output: Length = Lesser Length of Left | Right") declaration on [void org.example.NumberUtilsTest.outputLesserLength()]. Tag will be ignored.
Feb 17, 2025 7:03:06 PM org.junit.jupiter.engine.descriptor.JupiterTestDescriptor lambda$getTags$1
WARNING: Configuration error: invalid tag syntax in @Tag("left: Empty") declaration on [void org.example.NumberUtilsTest.leftEmpty()]. Tag will be ignored.
Feb 17, 2025 7:03:06 PM org.junit.jupiter.engine.descriptor.JupiterTestDescriptor lambda$getTags$1
WARNING: Configuration error: invalid tag syntax in @Tag("left: Null") declaration on [void org.example.NumberUtilsTest.leftNull()]. Tag will be ignored.
Feb 17, 2025 7:03:06 PM org.junit.jupiter.engine.descriptor.JupiterTestDescriptor lambda$getTags$1
WARNING: Configuration error: invalid tag syntax in @Tag("output: Multiple digits") declaration on [void org.example.NumberUtilsTest.outputMultipleDigits()]. Tag will be ignored.
Feb 17, 2025 7:03:06 PM org.junit.jupiter.engine.descriptor.JupiterTestDescriptor lambda$getTags$1
WARNING: Configuration error: invalid tag syntax in @Tag("right: Above 9") declaration on [void org.example.NumberUtilsTest.rightGreater()]. Tag will be ignored.
Feb 17, 2025 7:03:06 PM org.junit.jupiter.engine.descriptor.JupiterTestDescriptor lambda$getTags$1
WARNING: Configuration error: invalid tag syntax in @Tag("right: Null") declaration on [void org.example.NumberUtilsTest.rightNull()]. Tag will be ignored.
Feb 17, 2025 7:03:06 PM org.junit.jupiter.engine.descriptor.JupiterTestDescriptor lambda$getTags$1
WARNING: Configuration error: invalid tag syntax in @Tag("right: Empty") declaration on [void org.example.NumberUtilsTest.rightEmpty()]. Tag will be ignored.
Feb 17, 2025 7:03:06 PM org.junit.jupiter.engine.descriptor.JupiterTestDescriptor lambda$getTags$1
WARNING: Configuration error: invalid tag syntax in @Tag("left: Negative Integer") declaration on [void org.example.NumberUtilsTest.leftNegative()]. Tag will be ignored.
Feb 17, 2025 7:03:06 PM org.junit.jupiter.engine.descriptor.JupiterTestDescriptor lambda$getTags$1
WARNING: Configuration error: invalid tag syntax in @Tag("left: Above 9") declaration on [void org.example.NumberUtilsTest.leftGreater()]. Tag will be ignored.
Feb 17, 2025 7:03:06 PM org.junit.jupiter.engine.descriptor.JupiterTestDescriptor lambda$getTags$1
WARNING: Configuration error: invalid tag syntax in @Tag("output: Length > Greater Left | Right Length") declaration on [void org.example.NumberUtilsTest.outputGreaterLength()]. Tag will be ignored.
Feb 17, 2025 7:03:06 PM org.junit.jupiter.engine.descriptor.JupiterTestDescriptor lambda$getTags$1
WARNING: Configuration error: invalid tag syntax in @Tag("left: empty, right: empty, output: [0]") declaration on [void org.example.NumberUtilsTest.emptyLeftRight()]. Tag will be ignored.
Feb 17, 2025 7:03:06 PM org.junit.jupiter.engine.descriptor.JupiterTestDescriptor lambda$getTags$1
WARNING: Configuration error: invalid tag syntax in @Tag("right: Negative Integer") declaration on [void org.example.NumberUtilsTest.rightNegative()]. Tag will be ignored.
Feb 17, 2025 7:03:06 PM org.junit.jupiter.engine.descriptor.JupiterTestDescriptor lambda$getTags$1
WARNING: Configuration error: invalid tag syntax in @Tag("output: Length = Greater Length of Left | Right") declaration on [void org.example.NumberUtilsTest.outputEqualLength()]. Tag will be ignored.
Feb 17, 2025 7:03:06 PM org.junit.jupiter.engine.descriptor.JupiterTestDescriptor lambda$getTags$1
WARNING: Configuration error: invalid tag syntax in @Tag("increase mutation coverage") declaration on [void org.example.NumberUtilsTest.outputMultipleDigits1()]. Tag will be ignored.
Feb 17, 2025 7:03:06 PM org.junit.jupiter.engine.descriptor.JupiterTestDescriptor lambda$getTags$1
WARNING: Configuration error: invalid tag syntax in @Tag("output: Single digit") declaration on [void org.example.NumberUtilsTest.outputSingleDigits()]. Tag will be ignored.
Feb 17, 2025 7:03:06 PM org.junit.jupiter.engine.descriptor.JupiterTestDescriptor lambda$getTags$1
WARNING: Configuration error: invalid tag syntax in @Tag("output: Length = Lesser Length of Left | Right") declaration on [void org.example.NumberUtilsTest.outputLesserLength()]. Tag will be ignored.
Feb 17, 2025 7:03:06 PM org.junit.jupiter.engine.descriptor.JupiterTestDescriptor lambda$getTags$1
WARNING: Configuration error: invalid tag syntax in @Tag("left: Empty") declaration on [void org.example.NumberUtilsTest.leftEmpty()]. Tag will be ignored.
Feb 17, 2025 7:03:06 PM org.junit.jupiter.engine.descriptor.JupiterTestDescriptor lambda$getTags$1
WARNING: Configuration error: invalid tag syntax in @Tag("left: Null") declaration on [void org.example.NumberUtilsTest.leftNull()]. Tag will be ignored.
Feb 17, 2025 7:03:06 PM org.junit.jupiter.engine.descriptor.JupiterTestDescriptor lambda$getTags$1
WARNING: Configuration error: invalid tag syntax in @Tag("output: Multiple digits") declaration on [void org.example.NumberUtilsTest.outputMultipleDigits()]. Tag will be ignored.
]]></system-err>
  </testcase>
  <testcase name="rightNull" classname="org.example.NumberUtilsTest" time="0.0"/>
  <testcase name="rightEmpty" classname="org.example.NumberUtilsTest" time="0.0"/>
  <testcase name="leftNegative" classname="org.example.NumberUtilsTest" time="0.0"/>
  <testcase name="mutant" classname="org.example.NumberUtilsTest" time="0.001"/>
  <testcase name="leftGreater" classname="org.example.NumberUtilsTest" time="0.001"/>
  <testcase name="outputGreaterLength" classname="org.example.NumberUtilsTest" time="0.0"/>
  <testcase name="emptyLeftRight" classname="org.example.NumberUtilsTest" time="0.001"/>
  <testcase name="badBoth" classname="org.example.NumberUtilsTest" time="0.0"/>
  <testcase name="badLeft" classname="org.example.NumberUtilsTest" time="0.001"/>
  <testcase name="rightNegative" classname="org.example.NumberUtilsTest" time="0.001"/>
  <testcase name="outputEqualLength" classname="org.example.NumberUtilsTest" time="0.0"/>
  <testcase name="outputMultipleDigits1" classname="org.example.NumberUtilsTest" time="0.001"/>
  <testcase name="outputSingleDigits" classname="org.example.NumberUtilsTest" time="0.0"/>
  <testcase name="outputLesserLength" classname="org.example.NumberUtilsTest" time="0.0"/>
  <testcase name="leftEmpty" classname="org.example.NumberUtilsTest" time="0.0"/>
  <testcase name="leftNull" classname="org.example.NumberUtilsTest" time="0.0"/>
  <testcase name="outputMultipleDigits" classname="org.example.NumberUtilsTest" time="0.0"/>
  <testcase name="badRight" classname="org.example.NumberUtilsTest" time="0.001"/>
</testsuite>